0 info it worked if it ends with ok
1 verbose cli [ '/usr/local/bin/node',
1 verbose cli   '/usr/local/bin/npm',
1 verbose cli   'run',
1 verbose cli   'gulp',
1 verbose cli   'patternlab:serve' ]
2 info using npm@3.10.8
3 info using node@v6.9.1
4 verbose run-script [ 'pregulp', 'gulp', 'postgulp' ]
5 info lifecycle patternfly-css@0.0.1~pregulp: patternfly-css@0.0.1
6 silly lifecycle patternfly-css@0.0.1~pregulp: no script for pregulp, continuing
7 info lifecycle patternfly-css@0.0.1~gulp: patternfly-css@0.0.1
8 verbose lifecycle patternfly-css@0.0.1~gulp: unsafe-perm in lifecycle true
9 verbose lifecycle patternfly-css@0.0.1~gulp: PATH: /usr/local/lib/node_modules/npm/bin/node-gyp-bin:/Users/andresgalante/Documents/redhat/patternfly-atomic/node_modules/.bin:.:/usr/local/bin:/usr/bin:/bin:/usr/sbin:/sbin:/Users/andresgalante/.dotfiles/bin:/usr/local/bin:/usr/local/sbin:/Library/Java/JavaVirtualMachines/jdk1.8.0_45.jdk/Contents/Home//bin:/Users/andresgalante/Documents/android-sdk-macosx//platform-tools:/Users/andresgalante/Documents/android-sdk-macosx//tools:/Users/andresgalante/Documents/redhat/fh-wfm/wfm-cli/
10 verbose lifecycle patternfly-css@0.0.1~gulp: CWD: /Users/andresgalante/Documents/redhat/patternfly-atomic
11 silly lifecycle patternfly-css@0.0.1~gulp: Args: [ '-c', 'gulp --  "patternlab:serve"' ]
12 silly lifecycle patternfly-css@0.0.1~gulp: Returned: code: 1  signal: null
13 info lifecycle patternfly-css@0.0.1~gulp: Failed to exec gulp script
14 verbose stack Error: patternfly-css@0.0.1 gulp: `gulp --  "patternlab:serve"`
14 verbose stack Exit status 1
14 verbose stack     at EventEmitter.<anonymous> (/usr/local/lib/node_modules/npm/lib/utils/lifecycle.js:255:16)
14 verbose stack     at emitTwo (events.js:106:13)
14 verbose stack     at EventEmitter.emit (events.js:191:7)
14 verbose stack     at ChildProcess.<anonymous> (/usr/local/lib/node_modules/npm/lib/utils/spawn.js:40:14)
14 verbose stack     at emitTwo (events.js:106:13)
14 verbose stack     at ChildProcess.emit (events.js:191:7)
14 verbose stack     at maybeClose (internal/child_process.js:877:16)
14 verbose stack     at Process.ChildProcess._handle.onexit (internal/child_process.js:226:5)
15 verbose pkgid patternfly-css@0.0.1
16 verbose cwd /Users/andresgalante/Documents/redhat/patternfly-atomic
17 error Darwin 15.6.0
18 error argv "/usr/local/bin/node" "/usr/local/bin/npm" "run" "gulp" "patternlab:serve"
19 error node v6.9.1
20 error npm  v3.10.8
21 error code ELIFECYCLE
22 error patternfly-css@0.0.1 gulp: `gulp --  "patternlab:serve"`
22 error Exit status 1
23 error Failed at the patternfly-css@0.0.1 gulp script 'gulp --  "patternlab:serve"'.
23 error Make sure you have the latest version of node.js and npm installed.
23 error If you do, this is most likely a problem with the patternfly-css package,
23 error not with npm itself.
23 error Tell the author that this fails on your system:
23 error     gulp --  "patternlab:serve"
23 error You can get information on how to open an issue for this project with:
23 error     npm bugs patternfly-css
23 error Or if that isn't available, you can get their info via:
23 error     npm owner ls patternfly-css
23 error There is likely additional logging output above.
24 verbose exit [ 1, true ]
